Sat May  2 21:38:11 2015
tid:-54548208 /home/mark/src/dbt2/src/libpq/dbc_new_order.c:111
ERROR:  deadlock detected
DETAIL:  Process 38393 waits for ShareLock on transaction 4910630; blocked by process 38389.
Process 38389 waits for ShareLock on transaction 4910628; blocked by process 38393.
HINT:  See server log for query details.
CONTEXT:  while updating tuple (16977,202) in relation "stock"
SQL statement "UPDATE stock
SET s_quantity = s_quantity - $1
WHERE s_i_id = $2
  AND s_w_id = $3"

Sat May  2 21:38:23 2015
tid:-56121072 /home/mark/src/dbt2/src/libpq/dbc_new_order.c:111
ERROR:  deadlock detected
DETAIL:  Process 38405 waits for ShareLock on transaction 4919443; blocked by process 38393.
Process 38393 waits for ShareLock on transaction 4919439; blocked by process 38405.
HINT:  See server log for query details.
CONTEXT:  while updating tuple (442,16) in relation "stock"
SQL statement "UPDATE stock
SET s_quantity = s_quantity - $1
WHERE s_i_id = $2
  AND s_w_id = $3"

Sat May  2 21:39:03 2015
tid:-57431792 /home/mark/src/dbt2/src/client_interface.c:33
socket closed on _receive
Sat May  2 21:39:03 2015
tid:-42280688 /home/mark/src/dbt2/src/client_interface.c:33
socket closed on _receive
Sat May  2 21:39:03 2015
tid:-56383216 /home/mark/src/dbt2/src/client_interface.c:33
socket closed on _receive
Sat May  2 21:39:03 2015
tid:-57300720 /home/mark/src/dbt2/src/client_interface.c:33
socket closed on _receive
Sat May  2 21:39:03 2015
tid:-56776432 /home/mark/src/dbt2/src/client_interface.c:33
socket closed on _receive
Sat May  2 21:39:03 2015
tid:-57169648 /home/mark/src/dbt2/src/client_interface.c:33
socket closed on _receive
Sat May  2 21:39:03 2015
tid:-56907504 /home/mark/src/dbt2/src/client_interface.c:33
socket closed on _receive
Sat May  2 21:39:03 2015
tid:-56514288 /home/mark/src/dbt2/src/client_interface.c:33
socket closed on _receive
Sat May  2 21:39:03 2015
tid:-57038576 /home/mark/src/dbt2/src/client_interface.c:33
socket closed on _receive
Sat May  2 21:39:03 2015
tid:-56645360 /home/mark/src/dbt2/src/client_interface.c:33
socket closed on _receive
