LOG:  database system was shut down at 2015-05-02 21:28:49 BST
LOG:  database system is ready to accept connections
LOG:  autovacuum launcher started
LOG:  checkpoints are occurring too frequently (13 seconds apart)
HINT:  Consider increasing the configuration parameter "checkpoint_segments".
LOG:  checkpoints are occurring too frequently (2 seconds apart)
HINT:  Consider increasing the configuration parameter "checkpoint_segments".
LOG:  checkpoints are occurring too frequently (2 seconds apart)
HINT:  Consider increasing the configuration parameter "checkpoint_segments".
LOG:  checkpoints are occurring too frequently (2 seconds apart)
HINT:  Consider increasing the configuration parameter "checkpoint_segments".
LOG:  checkpoints are occurring too frequently (3 seconds apart)
HINT:  Consider increasing the configuration parameter "checkpoint_segments".
LOG:  checkpoints are occurring too frequently (2 seconds apart)
HINT:  Consider increasing the configuration parameter "checkpoint_segments".
LOG:  checkpoints are occurring too frequently (3 seconds apart)
HINT:  Consider increasing the configuration parameter "checkpoint_segments".
LOG:  checkpoints are occurring too frequently (2 seconds apart)
HINT:  Consider increasing the configuration parameter "checkpoint_segments".
LOG:  checkpoints are occurring too frequently (2 seconds apart)
HINT:  Consider increasing the configuration parameter "checkpoint_segments".
LOG:  checkpoints are occurring too frequently (2 seconds apart)
HINT:  Consider increasing the configuration parameter "checkpoint_segments".
LOG:  checkpoints are occurring too frequently (2 seconds apart)
HINT:  Consider increasing the configuration parameter "checkpoint_segments".
LOG:  checkpoints are occurring too frequently (3 seconds apart)
HINT:  Consider increasing the configuration parameter "checkpoint_segments".
LOG:  checkpoints are occurring too frequently (2 seconds apart)
HINT:  Consider increasing the configuration parameter "checkpoint_segments".
LOG:  checkpoints are occurring too frequently (2 seconds apart)
HINT:  Consider increasing the configuration parameter "checkpoint_segments".
LOG:  checkpoints are occurring too frequently (2 seconds apart)
HINT:  Consider increasing the configuration parameter "checkpoint_segments".
LOG:  checkpoints are occurring too frequently (3 seconds apart)
HINT:  Consider increasing the configuration parameter "checkpoint_segments".
LOG:  checkpoints are occurring too frequently (2 seconds apart)
HINT:  Consider increasing the configuration parameter "checkpoint_segments".
LOG:  checkpoints are occurring too frequently (2 seconds apart)
HINT:  Consider increasing the configuration parameter "checkpoint_segments".
LOG:  checkpoints are occurring too frequently (2 seconds apart)
HINT:  Consider increasing the configuration parameter "checkpoint_segments".
LOG:  checkpoints are occurring too frequently (2 seconds apart)
HINT:  Consider increasing the configuration parameter "checkpoint_segments".
LOG:  checkpoints are occurring too frequently (3 seconds apart)
HINT:  Consider increasing the configuration parameter "checkpoint_segments".
LOG:  checkpoints are occurring too frequently (2 seconds apart)
HINT:  Consider increasing the configuration parameter "checkpoint_segments".
LOG:  checkpoints are occurring too frequently (2 seconds apart)
HINT:  Consider increasing the configuration parameter "checkpoint_segments".
LOG:  checkpoints are occurring too frequently (3 seconds apart)
HINT:  Consider increasing the configuration parameter "checkpoint_segments".
LOG:  checkpoints are occurring too frequently (2 seconds apart)
HINT:  Consider increasing the configuration parameter "checkpoint_segments".
LOG:  checkpoints are occurring too frequently (2 seconds apart)
HINT:  Consider increasing the configuration parameter "checkpoint_segments".
LOG:  checkpoints are occurring too frequently (3 seconds apart)
HINT:  Consider increasing the configuration parameter "checkpoint_segments".
LOG:  checkpoints are occurring too frequently (2 seconds apart)
HINT:  Consider increasing the configuration parameter "checkpoint_segments".
LOG:  checkpoints are occurring too frequently (2 seconds apart)
HINT:  Consider increasing the configuration parameter "checkpoint_segments".
LOG:  checkpoints are occurring too frequently (2 seconds apart)
HINT:  Consider increasing the configuration parameter "checkpoint_segments".
LOG:  checkpoints are occurring too frequently (2 seconds apart)
HINT:  Consider increasing the configuration parameter "checkpoint_segments".
LOG:  checkpoints are occurring too frequently (2 seconds apart)
HINT:  Consider increasing the configuration parameter "checkpoint_segments".
LOG:  checkpoints are occurring too frequently (3 seconds apart)
HINT:  Consider increasing the configuration parameter "checkpoint_segments".
LOG:  checkpoints are occurring too frequently (3 seconds apart)
HINT:  Consider increasing the configuration parameter "checkpoint_segments".
LOG:  checkpoints are occurring too frequently (2 seconds apart)
HINT:  Consider increasing the configuration parameter "checkpoint_segments".
LOG:  checkpoints are occurring too frequently (2 seconds apart)
HINT:  Consider increasing the configuration parameter "checkpoint_segments".
LOG:  checkpoints are occurring too frequently (2 seconds apart)
HINT:  Consider increasing the configuration parameter "checkpoint_segments".
LOG:  checkpoints are occurring too frequently (2 seconds apart)
HINT:  Consider increasing the configuration parameter "checkpoint_segments".
LOG:  checkpoints are occurring too frequently (2 seconds apart)
HINT:  Consider increasing the configuration parameter "checkpoint_segments".
LOG:  checkpoints are occurring too frequently (2 seconds apart)
HINT:  Consider increasing the configuration parameter "checkpoint_segments".
LOG:  checkpoints are occurring too frequently (3 seconds apart)
HINT:  Consider increasing the configuration parameter "checkpoint_segments".
LOG:  checkpoints are occurring too frequently (2 seconds apart)
HINT:  Consider increasing the configuration parameter "checkpoint_segments".
LOG:  checkpoints are occurring too frequently (2 seconds apart)
HINT:  Consider increasing the configuration parameter "checkpoint_segments".
LOG:  checkpoints are occurring too frequently (2 seconds apart)
HINT:  Consider increasing the configuration parameter "checkpoint_segments".
LOG:  checkpoints are occurring too frequently (2 seconds apart)
HINT:  Consider increasing the configuration parameter "checkpoint_segments".
LOG:  checkpoints are occurring too frequently (1 second apart)
HINT:  Consider increasing the configuration parameter "checkpoint_segments".
LOG:  checkpoints are occurring too frequently (3 seconds apart)
HINT:  Consider increasing the configuration parameter "checkpoint_segments".
LOG:  checkpoints are occurring too frequently (2 seconds apart)
HINT:  Consider increasing the configuration parameter "checkpoint_segments".
LOG:  checkpoints are occurring too frequently (2 seconds apart)
HINT:  Consider increasing the configuration parameter "checkpoint_segments".
LOG:  checkpoints are occurring too frequently (3 seconds apart)
HINT:  Consider increasing the configuration parameter "checkpoint_segments".
LOG:  checkpoints are occurring too frequently (2 seconds apart)
HINT:  Consider increasing the configuration parameter "checkpoint_segments".
LOG:  checkpoints are occurring too frequently (2 seconds apart)
HINT:  Consider increasing the configuration parameter "checkpoint_segments".
LOG:  checkpoints are occurring too frequently (3 seconds apart)
HINT:  Consider increasing the configuration parameter "checkpoint_segments".
LOG:  checkpoints are occurring too frequently (2 seconds apart)
HINT:  Consider increasing the configuration parameter "checkpoint_segments".
LOG:  checkpoints are occurring too frequently (3 seconds apart)
HINT:  Consider increasing the configuration parameter "checkpoint_segments".
LOG:  checkpoints are occurring too frequently (3 seconds apart)
HINT:  Consider increasing the configuration parameter "checkpoint_segments".
LOG:  checkpoints are occurring too frequently (3 seconds apart)
HINT:  Consider increasing the configuration parameter "checkpoint_segments".
LOG:  checkpoints are occurring too frequently (3 seconds apart)
HINT:  Consider increasing the configuration parameter "checkpoint_segments".
LOG:  checkpoints are occurring too frequently (2 seconds apart)
HINT:  Consider increasing the configuration parameter "checkpoint_segments".
LOG:  checkpoints are occurring too frequently (2 seconds apart)
HINT:  Consider increasing the configuration parameter "checkpoint_segments".
LOG:  checkpoints are occurring too frequently (2 seconds apart)
HINT:  Consider increasing the configuration parameter "checkpoint_segments".
LOG:  checkpoints are occurring too frequently (2 seconds apart)
HINT:  Consider increasing the configuration parameter "checkpoint_segments".
LOG:  checkpoints are occurring too frequently (2 seconds apart)
HINT:  Consider increasing the configuration parameter "checkpoint_segments".
LOG:  checkpoints are occurring too frequently (2 seconds apart)
HINT:  Consider increasing the configuration parameter "checkpoint_segments".
LOG:  checkpoints are occurring too frequently (3 seconds apart)
HINT:  Consider increasing the configuration parameter "checkpoint_segments".
LOG:  checkpoints are occurring too frequently (2 seconds apart)
HINT:  Consider increasing the configuration parameter "checkpoint_segments".
LOG:  checkpoints are occurring too frequently (3 seconds apart)
HINT:  Consider increasing the configuration parameter "checkpoint_segments".
LOG:  checkpoints are occurring too frequently (2 seconds apart)
HINT:  Consider increasing the configuration parameter "checkpoint_segments".
LOG:  checkpoints are occurring too frequently (3 seconds apart)
HINT:  Consider increasing the configuration parameter "checkpoint_segments".
LOG:  checkpoints are occurring too frequently (1 second apart)
HINT:  Consider increasing the configuration parameter "checkpoint_segments".
LOG:  checkpoints are occurring too frequently (3 seconds apart)
HINT:  Consider increasing the configuration parameter "checkpoint_segments".
LOG:  checkpoints are occurring too frequently (2 seconds apart)
HINT:  Consider increasing the configuration parameter "checkpoint_segments".
LOG:  checkpoints are occurring too frequently (2 seconds apart)
HINT:  Consider increasing the configuration parameter "checkpoint_segments".
LOG:  checkpoints are occurring too frequently (3 seconds apart)
HINT:  Consider increasing the configuration parameter "checkpoint_segments".
LOG:  checkpoints are occurring too frequently (1 second apart)
HINT:  Consider increasing the configuration parameter "checkpoint_segments".
LOG:  checkpoints are occurring too frequently (2 seconds apart)
HINT:  Consider increasing the configuration parameter "checkpoint_segments".
LOG:  checkpoints are occurring too frequently (2 seconds apart)
HINT:  Consider increasing the configuration parameter "checkpoint_segments".
LOG:  checkpoints are occurring too frequently (2 seconds apart)
HINT:  Consider increasing the configuration parameter "checkpoint_segments".
LOG:  checkpoints are occurring too frequently (2 seconds apart)
HINT:  Consider increasing the configuration parameter "checkpoint_segments".
LOG:  checkpoints are occurring too frequently (2 seconds apart)
HINT:  Consider increasing the configuration parameter "checkpoint_segments".
LOG:  checkpoints are occurring too frequently (2 seconds apart)
HINT:  Consider increasing the configuration parameter "checkpoint_segments".
LOG:  checkpoints are occurring too frequently (2 seconds apart)
HINT:  Consider increasing the configuration parameter "checkpoint_segments".
LOG:  checkpoints are occurring too frequently (2 seconds apart)
HINT:  Consider increasing the configuration parameter "checkpoint_segments".
LOG:  checkpoints are occurring too frequently (2 seconds apart)
HINT:  Consider increasing the configuration parameter "checkpoint_segments".
LOG:  checkpoints are occurring too frequently (2 seconds apart)
HINT:  Consider increasing the configuration parameter "checkpoint_segments".
LOG:  checkpoints are occurring too frequently (2 seconds apart)
HINT:  Consider increasing the configuration parameter "checkpoint_segments".
LOG:  checkpoints are occurring too frequently (2 seconds apart)
HINT:  Consider increasing the configuration parameter "checkpoint_segments".
LOG:  checkpoints are occurring too frequently (2 seconds apart)
HINT:  Consider increasing the configuration parameter "checkpoint_segments".
LOG:  checkpoints are occurring too frequently (2 seconds apart)
HINT:  Consider increasing the configuration parameter "checkpoint_segments".
LOG:  checkpoints are occurring too frequently (2 seconds apart)
HINT:  Consider increasing the configuration parameter "checkpoint_segments".
LOG:  checkpoints are occurring too frequently (2 seconds apart)
HINT:  Consider increasing the configuration parameter "checkpoint_segments".
LOG:  checkpoints are occurring too frequently (2 seconds apart)
HINT:  Consider increasing the configuration parameter "checkpoint_segments".
LOG:  checkpoints are occurring too frequently (2 seconds apart)
HINT:  Consider increasing the configuration parameter "checkpoint_segments".
LOG:  checkpoints are occurring too frequently (2 seconds apart)
HINT:  Consider increasing the configuration parameter "checkpoint_segments".
LOG:  checkpoints are occurring too frequently (2 seconds apart)
HINT:  Consider increasing the configuration parameter "checkpoint_segments".
LOG:  checkpoints are occurring too frequently (2 seconds apart)
HINT:  Consider increasing the configuration parameter "checkpoint_segments".
LOG:  checkpoints are occurring too frequently (2 seconds apart)
HINT:  Consider increasing the configuration parameter "checkpoint_segments".
LOG:  checkpoints are occurring too frequently (2 seconds apart)
HINT:  Consider increasing the configuration parameter "checkpoint_segments".
LOG:  checkpoints are occurring too frequently (2 seconds apart)
HINT:  Consider increasing the configuration parameter "checkpoint_segments".
LOG:  checkpoints are occurring too frequently (1 second apart)
HINT:  Consider increasing the configuration parameter "checkpoint_segments".
LOG:  checkpoints are occurring too frequently (2 seconds apart)
HINT:  Consider increasing the configuration parameter "checkpoint_segments".
LOG:  checkpoints are occurring too frequently (2 seconds apart)
HINT:  Consider increasing the configuration parameter "checkpoint_segments".
LOG:  checkpoints are occurring too frequently (2 seconds apart)
HINT:  Consider increasing the configuration parameter "checkpoint_segments".
LOG:  checkpoints are occurring too frequently (2 seconds apart)
HINT:  Consider increasing the configuration parameter "checkpoint_segments".
LOG:  checkpoints are occurring too frequently (2 seconds apart)
HINT:  Consider increasing the configuration parameter "checkpoint_segments".
LOG:  checkpoints are occurring too frequently (2 seconds apart)
HINT:  Consider increasing the configuration parameter "checkpoint_segments".
LOG:  checkpoints are occurring too frequently (1 second apart)
HINT:  Consider increasing the configuration parameter "checkpoint_segments".
LOG:  checkpoints are occurring too frequently (2 seconds apart)
HINT:  Consider increasing the configuration parameter "checkpoint_segments".
LOG:  checkpoints are occurring too frequently (2 seconds apart)
HINT:  Consider increasing the configuration parameter "checkpoint_segments".
LOG:  checkpoints are occurring too frequently (1 second apart)
HINT:  Consider increasing the configuration parameter "checkpoint_segments".
LOG:  checkpoints are occurring too frequently (2 seconds apart)
HINT:  Consider increasing the configuration parameter "checkpoint_segments".
LOG:  checkpoints are occurring too frequently (2 seconds apart)
HINT:  Consider increasing the configuration parameter "checkpoint_segments".
LOG:  checkpoints are occurring too frequently (2 seconds apart)
HINT:  Consider increasing the configuration parameter "checkpoint_segments".
LOG:  checkpoints are occurring too frequently (2 seconds apart)
HINT:  Consider increasing the configuration parameter "checkpoint_segments".
LOG:  checkpoints are occurring too frequently (2 seconds apart)
HINT:  Consider increasing the configuration parameter "checkpoint_segments".
LOG:  checkpoints are occurring too frequently (2 seconds apart)
HINT:  Consider increasing the configuration parameter "checkpoint_segments".
LOG:  checkpoints are occurring too frequently (2 seconds apart)
HINT:  Consider increasing the configuration parameter "checkpoint_segments".
LOG:  checkpoints are occurring too frequently (1 second apart)
HINT:  Consider increasing the configuration parameter "checkpoint_segments".
LOG:  checkpoints are occurring too frequently (2 seconds apart)
HINT:  Consider increasing the configuration parameter "checkpoint_segments".
LOG:  checkpoints are occurring too frequently (2 seconds apart)
HINT:  Consider increasing the configuration parameter "checkpoint_segments".
LOG:  checkpoints are occurring too frequently (2 seconds apart)
HINT:  Consider increasing the configuration parameter "checkpoint_segments".
LOG:  checkpoints are occurring too frequently (2 seconds apart)
HINT:  Consider increasing the configuration parameter "checkpoint_segments".
LOG:  checkpoints are occurring too frequently (2 seconds apart)
HINT:  Consider increasing the configuration parameter "checkpoint_segments".
LOG:  checkpoints are occurring too frequently (2 seconds apart)
HINT:  Consider increasing the configuration parameter "checkpoint_segments".
LOG:  checkpoints are occurring too frequently (1 second apart)
HINT:  Consider increasing the configuration parameter "checkpoint_segments".
LOG:  checkpoints are occurring too frequently (2 seconds apart)
HINT:  Consider increasing the configuration parameter "checkpoint_segments".
LOG:  checkpoints are occurring too frequently (2 seconds apart)
HINT:  Consider increasing the configuration parameter "checkpoint_segments".
LOG:  checkpoints are occurring too frequently (2 seconds apart)
HINT:  Consider increasing the configuration parameter "checkpoint_segments".
LOG:  checkpoints are occurring too frequently (2 seconds apart)
HINT:  Consider increasing the configuration parameter "checkpoint_segments".
LOG:  checkpoints are occurring too frequently (2 seconds apart)
HINT:  Consider increasing the configuration parameter "checkpoint_segments".
LOG:  checkpoints are occurring too frequently (1 second apart)
HINT:  Consider increasing the configuration parameter "checkpoint_segments".
LOG:  checkpoints are occurring too frequently (2 seconds apart)
HINT:  Consider increasing the configuration parameter "checkpoint_segments".
LOG:  checkpoints are occurring too frequently (2 seconds apart)
HINT:  Consider increasing the configuration parameter "checkpoint_segments".
LOG:  checkpoints are occurring too frequently (2 seconds apart)
HINT:  Consider increasing the configuration parameter "checkpoint_segments".
LOG:  checkpoints are occurring too frequently (2 seconds apart)
HINT:  Consider increasing the configuration parameter "checkpoint_segments".
LOG:  checkpoints are occurring too frequently (2 seconds apart)
HINT:  Consider increasing the configuration parameter "checkpoint_segments".
LOG:  checkpoints are occurring too frequently (1 second apart)
HINT:  Consider increasing the configuration parameter "checkpoint_segments".
LOG:  checkpoints are occurring too frequently (2 seconds apart)
HINT:  Consider increasing the configuration parameter "checkpoint_segments".
LOG:  checkpoints are occurring too frequently (2 seconds apart)
HINT:  Consider increasing the configuration parameter "checkpoint_segments".
LOG:  checkpoints are occurring too frequently (1 second apart)
HINT:  Consider increasing the configuration parameter "checkpoint_segments".
LOG:  checkpoints are occurring too frequently (2 seconds apart)
HINT:  Consider increasing the configuration parameter "checkpoint_segments".
LOG:  checkpoints are occurring too frequently (2 seconds apart)
HINT:  Consider increasing the configuration parameter "checkpoint_segments".
LOG:  checkpoints are occurring too frequently (2 seconds apart)
HINT:  Consider increasing the configuration parameter "checkpoint_segments".
LOG:  checkpoints are occurring too frequently (2 seconds apart)
HINT:  Consider increasing the configuration parameter "checkpoint_segments".
LOG:  checkpoints are occurring too frequently (2 seconds apart)
HINT:  Consider increasing the configuration parameter "checkpoint_segments".
LOG:  checkpoints are occurring too frequently (2 seconds apart)
HINT:  Consider increasing the configuration parameter "checkpoint_segments".
LOG:  checkpoints are occurring too frequently (2 seconds apart)
HINT:  Consider increasing the configuration parameter "checkpoint_segments".
LOG:  checkpoints are occurring too frequently (2 seconds apart)
HINT:  Consider increasing the configuration parameter "checkpoint_segments".
LOG:  checkpoints are occurring too frequently (2 seconds apart)
HINT:  Consider increasing the configuration parameter "checkpoint_segments".
LOG:  checkpoints are occurring too frequently (2 seconds apart)
HINT:  Consider increasing the configuration parameter "checkpoint_segments".
LOG:  checkpoints are occurring too frequently (3 seconds apart)
HINT:  Consider increasing the configuration parameter "checkpoint_segments".
LOG:  checkpoints are occurring too frequently (2 seconds apart)
HINT:  Consider increasing the configuration parameter "checkpoint_segments".
LOG:  checkpoints are occurring too frequently (2 seconds apart)
HINT:  Consider increasing the configuration parameter "checkpoint_segments".
LOG:  checkpoints are occurring too frequently (2 seconds apart)
HINT:  Consider increasing the configuration parameter "checkpoint_segments".
LOG:  checkpoints are occurring too frequently (2 seconds apart)
HINT:  Consider increasing the configuration parameter "checkpoint_segments".
LOG:  checkpoints are occurring too frequently (3 seconds apart)
HINT:  Consider increasing the configuration parameter "checkpoint_segments".
LOG:  checkpoints are occurring too frequently (2 seconds apart)
HINT:  Consider increasing the configuration parameter "checkpoint_segments".
LOG:  checkpoints are occurring too frequently (2 seconds apart)
HINT:  Consider increasing the configuration parameter "checkpoint_segments".
LOG:  checkpoints are occurring too frequently (3 seconds apart)
HINT:  Consider increasing the configuration parameter "checkpoint_segments".
LOG:  checkpoints are occurring too frequently (2 seconds apart)
HINT:  Consider increasing the configuration parameter "checkpoint_segments".
LOG:  checkpoints are occurring too frequently (3 seconds apart)
HINT:  Consider increasing the configuration parameter "checkpoint_segments".
LOG:  checkpoints are occurring too frequently (2 seconds apart)
HINT:  Consider increasing the configuration parameter "checkpoint_segments".
LOG:  checkpoints are occurring too frequently (2 seconds apart)
HINT:  Consider increasing the configuration parameter "checkpoint_segments".
LOG:  checkpoints are occurring too frequently (3 seconds apart)
HINT:  Consider increasing the configuration parameter "checkpoint_segments".
LOG:  checkpoints are occurring too frequently (3 seconds apart)
HINT:  Consider increasing the configuration parameter "checkpoint_segments".
LOG:  checkpoints are occurring too frequently (2 seconds apart)
HINT:  Consider increasing the configuration parameter "checkpoint_segments".
LOG:  checkpoints are occurring too frequently (1 second apart)
HINT:  Consider increasing the configuration parameter "checkpoint_segments".
LOG:  checkpoints are occurring too frequently (2 seconds apart)
HINT:  Consider increasing the configuration parameter "checkpoint_segments".
LOG:  checkpoints are occurring too frequently (2 seconds apart)
HINT:  Consider increasing the configuration parameter "checkpoint_segments".
LOG:  checkpoints are occurring too frequently (2 seconds apart)
HINT:  Consider increasing the configuration parameter "checkpoint_segments".
LOG:  checkpoints are occurring too frequently (3 seconds apart)
HINT:  Consider increasing the configuration parameter "checkpoint_segments".
LOG:  checkpoints are occurring too frequently (2 seconds apart)
HINT:  Consider increasing the configuration parameter "checkpoint_segments".
LOG:  checkpoints are occurring too frequently (2 seconds apart)
HINT:  Consider increasing the configuration parameter "checkpoint_segments".
LOG:  checkpoints are occurring too frequently (2 seconds apart)
HINT:  Consider increasing the configuration parameter "checkpoint_segments".
LOG:  checkpoints are occurring too frequently (2 seconds apart)
HINT:  Consider increasing the configuration parameter "checkpoint_segments".
LOG:  checkpoints are occurring too frequently (2 seconds apart)
HINT:  Consider increasing the configuration parameter "checkpoint_segments".
LOG:  checkpoints are occurring too frequently (2 seconds apart)
HINT:  Consider increasing the configuration parameter "checkpoint_segments".
LOG:  checkpoints are occurring too frequently (2 seconds apart)
HINT:  Consider increasing the configuration parameter "checkpoint_segments".
LOG:  checkpoints are occurring too frequently (2 seconds apart)
HINT:  Consider increasing the configuration parameter "checkpoint_segments".
LOG:  checkpoints are occurring too frequently (2 seconds apart)
HINT:  Consider increasing the configuration parameter "checkpoint_segments".
LOG:  checkpoints are occurring too frequently (2 seconds apart)
HINT:  Consider increasing the configuration parameter "checkpoint_segments".
LOG:  checkpoints are occurring too frequently (1 second apart)
HINT:  Consider increasing the configuration parameter "checkpoint_segments".
LOG:  checkpoints are occurring too frequently (2 seconds apart)
HINT:  Consider increasing the configuration parameter "checkpoint_segments".
LOG:  checkpoints are occurring too frequently (2 seconds apart)
HINT:  Consider increasing the configuration parameter "checkpoint_segments".
LOG:  checkpoints are occurring too frequently (1 second apart)
HINT:  Consider increasing the configuration parameter "checkpoint_segments".
LOG:  checkpoints are occurring too frequently (2 seconds apart)
HINT:  Consider increasing the configuration parameter "checkpoint_segments".
LOG:  checkpoints are occurring too frequently (2 seconds apart)
HINT:  Consider increasing the configuration parameter "checkpoint_segments".
LOG:  checkpoints are occurring too frequently (2 seconds apart)
HINT:  Consider increasing the configuration parameter "checkpoint_segments".
LOG:  checkpoints are occurring too frequently (2 seconds apart)
HINT:  Consider increasing the configuration parameter "checkpoint_segments".
LOG:  checkpoints are occurring too frequently (2 seconds apart)
HINT:  Consider increasing the configuration parameter "checkpoint_segments".
LOG:  checkpoints are occurring too frequently (1 second apart)
HINT:  Consider increasing the configuration parameter "checkpoint_segments".
LOG:  checkpoints are occurring too frequently (2 seconds apart)
HINT:  Consider increasing the configuration parameter "checkpoint_segments".
LOG:  checkpoints are occurring too frequently (2 seconds apart)
HINT:  Consider increasing the configuration parameter "checkpoint_segments".
LOG:  checkpoints are occurring too frequently (2 seconds apart)
HINT:  Consider increasing the configuration parameter "checkpoint_segments".
LOG:  checkpoints are occurring too frequently (2 seconds apart)
HINT:  Consider increasing the configuration parameter "checkpoint_segments".
LOG:  checkpoints are occurring too frequently (2 seconds apart)
HINT:  Consider increasing the configuration parameter "checkpoint_segments".
LOG:  checkpoints are occurring too frequently (1 second apart)
HINT:  Consider increasing the configuration parameter "checkpoint_segments".
LOG:  checkpoints are occurring too frequently (2 seconds apart)
HINT:  Consider increasing the configuration parameter "checkpoint_segments".
LOG:  checkpoints are occurring too frequently (2 seconds apart)
HINT:  Consider increasing the configuration parameter "checkpoint_segments".
LOG:  checkpoints are occurring too frequently (2 seconds apart)
HINT:  Consider increasing the configuration parameter "checkpoint_segments".
LOG:  checkpoints are occurring too frequently (1 second apart)
HINT:  Consider increasing the configuration parameter "checkpoint_segments".
LOG:  checkpoints are occurring too frequently (2 seconds apart)
HINT:  Consider increasing the configuration parameter "checkpoint_segments".
LOG:  checkpoints are occurring too frequently (2 seconds apart)
HINT:  Consider increasing the configuration parameter "checkpoint_segments".
LOG:  checkpoints are occurring too frequently (2 seconds apart)
HINT:  Consider increasing the configuration parameter "checkpoint_segments".
LOG:  checkpoints are occurring too frequently (2 seconds apart)
HINT:  Consider increasing the configuration parameter "checkpoint_segments".
LOG:  checkpoints are occurring too frequently (2 seconds apart)
HINT:  Consider increasing the configuration parameter "checkpoint_segments".
LOG:  checkpoints are occurring too frequently (2 seconds apart)
HINT:  Consider increasing the configuration parameter "checkpoint_segments".
LOG:  checkpoints are occurring too frequently (2 seconds apart)
HINT:  Consider increasing the configuration parameter "checkpoint_segments".
LOG:  checkpoints are occurring too frequently (2 seconds apart)
HINT:  Consider increasing the configuration parameter "checkpoint_segments".
LOG:  checkpoints are occurring too frequently (1 second apart)
HINT:  Consider increasing the configuration parameter "checkpoint_segments".
LOG:  checkpoints are occurring too frequently (2 seconds apart)
HINT:  Consider increasing the configuration parameter "checkpoint_segments".
LOG:  checkpoints are occurring too frequently (2 seconds apart)
HINT:  Consider increasing the configuration parameter "checkpoint_segments".
LOG:  checkpoints are occurring too frequently (2 seconds apart)
HINT:  Consider increasing the configuration parameter "checkpoint_segments".
LOG:  checkpoints are occurring too frequently (2 seconds apart)
HINT:  Consider increasing the configuration parameter "checkpoint_segments".
LOG:  checkpoints are occurring too frequently (2 seconds apart)
HINT:  Consider increasing the configuration parameter "checkpoint_segments".
LOG:  checkpoints are occurring too frequently (1 second apart)
HINT:  Consider increasing the configuration parameter "checkpoint_segments".
LOG:  checkpoints are occurring too frequently (2 seconds apart)
HINT:  Consider increasing the configuration parameter "checkpoint_segments".
LOG:  checkpoints are occurring too frequently (2 seconds apart)
HINT:  Consider increasing the configuration parameter "checkpoint_segments".
LOG:  checkpoints are occurring too frequently (2 seconds apart)
HINT:  Consider increasing the configuration parameter "checkpoint_segments".
LOG:  checkpoints are occurring too frequently (1 second apart)
HINT:  Consider increasing the configuration parameter "checkpoint_segments".
LOG:  checkpoints are occurring too frequently (2 seconds apart)
HINT:  Consider increasing the configuration parameter "checkpoint_segments".
LOG:  checkpoints are occurring too frequently (2 seconds apart)
HINT:  Consider increasing the configuration parameter "checkpoint_segments".
LOG:  checkpoints are occurring too frequently (2 seconds apart)
HINT:  Consider increasing the configuration parameter "checkpoint_segments".
LOG:  checkpoints are occurring too frequently (2 seconds apart)
HINT:  Consider increasing the configuration parameter "checkpoint_segments".
LOG:  checkpoints are occurring too frequently (1 second apart)
HINT:  Consider increasing the configuration parameter "checkpoint_segments".
LOG:  checkpoints are occurring too frequently (2 seconds apart)
HINT:  Consider increasing the configuration parameter "checkpoint_segments".
LOG:  checkpoints are occurring too frequently (2 seconds apart)
HINT:  Consider increasing the configuration parameter "checkpoint_segments".
LOG:  checkpoints are occurring too frequently (2 seconds apart)
HINT:  Consider increasing the configuration parameter "checkpoint_segments".
LOG:  checkpoints are occurring too frequently (1 second apart)
HINT:  Consider increasing the configuration parameter "checkpoint_segments".
LOG:  checkpoints are occurring too frequently (2 seconds apart)
HINT:  Consider increasing the configuration parameter "checkpoint_segments".
LOG:  checkpoints are occurring too frequently (2 seconds apart)
HINT:  Consider increasing the configuration parameter "checkpoint_segments".
LOG:  checkpoints are occurring too frequently (1 second apart)
HINT:  Consider increasing the configuration parameter "checkpoint_segments".
LOG:  checkpoints are occurring too frequently (2 seconds apart)
HINT:  Consider increasing the configuration parameter "checkpoint_segments".
LOG:  checkpoints are occurring too frequently (2 seconds apart)
HINT:  Consider increasing the configuration parameter "checkpoint_segments".
LOG:  checkpoints are occurring too frequently (1 second apart)
HINT:  Consider increasing the configuration parameter "checkpoint_segments".
LOG:  checkpoints are occurring too frequently (2 seconds apart)
HINT:  Consider increasing the configuration parameter "checkpoint_segments".
LOG:  checkpoints are occurring too frequently (2 seconds apart)
HINT:  Consider increasing the configuration parameter "checkpoint_segments".
LOG:  checkpoints are occurring too frequently (2 seconds apart)
HINT:  Consider increasing the configuration parameter "checkpoint_segments".
LOG:  checkpoints are occurring too frequently (1 second apart)
HINT:  Consider increasing the configuration parameter "checkpoint_segments".
LOG:  checkpoints are occurring too frequently (2 seconds apart)
HINT:  Consider increasing the configuration parameter "checkpoint_segments".
LOG:  checkpoints are occurring too frequently (2 seconds apart)
HINT:  Consider increasing the configuration parameter "checkpoint_segments".
LOG:  checkpoints are occurring too frequently (2 seconds apart)
HINT:  Consider increasing the configuration parameter "checkpoint_segments".
LOG:  checkpoints are occurring too frequently (2 seconds apart)
HINT:  Consider increasing the configuration parameter "checkpoint_segments".
LOG:  checkpoints are occurring too frequently (1 second apart)
HINT:  Consider increasing the configuration parameter "checkpoint_segments".
LOG:  checkpoints are occurring too frequently (3 seconds apart)
HINT:  Consider increasing the configuration parameter "checkpoint_segments".
LOG:  checkpoints are occurring too frequently (1 second apart)
HINT:  Consider increasing the configuration parameter "checkpoint_segments".
LOG:  checkpoints are occurring too frequently (2 seconds apart)
HINT:  Consider increasing the configuration parameter "checkpoint_segments".
LOG:  checkpoints are occurring too frequently (2 seconds apart)
HINT:  Consider increasing the configuration parameter "checkpoint_segments".
LOG:  checkpoints are occurring too frequently (1 second apart)
HINT:  Consider increasing the configuration parameter "checkpoint_segments".
LOG:  checkpoints are occurring too frequently (2 seconds apart)
HINT:  Consider increasing the configuration parameter "checkpoint_segments".
LOG:  checkpoints are occurring too frequently (2 seconds apart)
HINT:  Consider increasing the configuration parameter "checkpoint_segments".
LOG:  checkpoints are occurring too frequently (2 seconds apart)
HINT:  Consider increasing the configuration parameter "checkpoint_segments".
LOG:  checkpoints are occurring too frequently (2 seconds apart)
HINT:  Consider increasing the configuration parameter "checkpoint_segments".
LOG:  checkpoints are occurring too frequently (2 seconds apart)
HINT:  Consider increasing the configuration parameter "checkpoint_segments".
LOG:  checkpoints are occurring too frequently (2 seconds apart)
HINT:  Consider increasing the configuration parameter "checkpoint_segments".
LOG:  checkpoints are occurring too frequently (2 seconds apart)
HINT:  Consider increasing the configuration parameter "checkpoint_segments".
LOG:  checkpoints are occurring too frequently (2 seconds apart)
HINT:  Consider increasing the configuration parameter "checkpoint_segments".
LOG:  checkpoints are occurring too frequently (2 seconds apart)
HINT:  Consider increasing the configuration parameter "checkpoint_segments".
LOG:  checkpoints are occurring too frequently (2 seconds apart)
HINT:  Consider increasing the configuration parameter "checkpoint_segments".
LOG:  checkpoints are occurring too frequently (1 second apart)
HINT:  Consider increasing the configuration parameter "checkpoint_segments".
LOG:  checkpoints are occurring too frequently (3 seconds apart)
HINT:  Consider increasing the configuration parameter "checkpoint_segments".
LOG:  checkpoints are occurring too frequently (2 seconds apart)
HINT:  Consider increasing the configuration parameter "checkpoint_segments".
LOG:  checkpoints are occurring too frequently (1 second apart)
HINT:  Consider increasing the configuration parameter "checkpoint_segments".
LOG:  checkpoints are occurring too frequently (2 seconds apart)
HINT:  Consider increasing the configuration parameter "checkpoint_segments".
LOG:  checkpoints are occurring too frequently (2 seconds apart)
HINT:  Consider increasing the configuration parameter "checkpoint_segments".
LOG:  checkpoints are occurring too frequently (2 seconds apart)
HINT:  Consider increasing the configuration parameter "checkpoint_segments".
LOG:  checkpoints are occurring too frequently (2 seconds apart)
HINT:  Consider increasing the configuration parameter "checkpoint_segments".
LOG:  checkpoints are occurring too frequently (1 second apart)
HINT:  Consider increasing the configuration parameter "checkpoint_segments".
LOG:  checkpoints are occurring too frequently (3 seconds apart)
HINT:  Consider increasing the configuration parameter "checkpoint_segments".
LOG:  checkpoints are occurring too frequently (1 second apart)
HINT:  Consider increasing the configuration parameter "checkpoint_segments".
LOG:  checkpoints are occurring too frequently (2 seconds apart)
HINT:  Consider increasing the configuration parameter "checkpoint_segments".
LOG:  checkpoints are occurring too frequently (2 seconds apart)
HINT:  Consider increasing the configuration parameter "checkpoint_segments".
LOG:  checkpoints are occurring too frequently (1 second apart)
HINT:  Consider increasing the configuration parameter "checkpoint_segments".
LOG:  checkpoints are occurring too frequently (2 seconds apart)
HINT:  Consider increasing the configuration parameter "checkpoint_segments".
ERROR:  deadlock detected
DETAIL:  Process 38393 waits for ShareLock on transaction 4910630; blocked by process 38389.
	Process 38389 waits for ShareLock on transaction 4910628; blocked by process 38393.
	Process 38393: FETCH ALL IN mycursor
	Process 38389: FETCH ALL IN mycursor
HINT:  See server log for query details.
CONTEXT:  while updating tuple (16977,202) in relation "stock"
	SQL statement "UPDATE stock
	SET s_quantity = s_quantity - $1
	WHERE s_i_id = $2
	  AND s_w_id = $3"
STATEMENT:  FETCH ALL IN mycursor
LOG:  checkpoints are occurring too frequently (3 seconds apart)
HINT:  Consider increasing the configuration parameter "checkpoint_segments".
LOG:  checkpoints are occurring too frequently (1 second apart)
HINT:  Consider increasing the configuration parameter "checkpoint_segments".
LOG:  checkpoints are occurring too frequently (2 seconds apart)
HINT:  Consider increasing the configuration parameter "checkpoint_segments".
LOG:  checkpoints are occurring too frequently (2 seconds apart)
HINT:  Consider increasing the configuration parameter "checkpoint_segments".
LOG:  checkpoints are occurring too frequently (1 second apart)
HINT:  Consider increasing the configuration parameter "checkpoint_segments".
LOG:  checkpoints are occurring too frequently (2 seconds apart)
HINT:  Consider increasing the configuration parameter "checkpoint_segments".
ERROR:  deadlock detected
DETAIL:  Process 38405 waits for ShareLock on transaction 4919443; blocked by process 38393.
	Process 38393 waits for ShareLock on transaction 4919439; blocked by process 38405.
	Process 38405: FETCH ALL IN mycursor
	Process 38393: FETCH ALL IN mycursor
HINT:  See server log for query details.
CONTEXT:  while updating tuple (442,16) in relation "stock"
	SQL statement "UPDATE stock
	SET s_quantity = s_quantity - $1
	WHERE s_i_id = $2
	  AND s_w_id = $3"
STATEMENT:  FETCH ALL IN mycursor
LOG:  checkpoints are occurring too frequently (3 seconds apart)
HINT:  Consider increasing the configuration parameter "checkpoint_segments".
LOG:  checkpoints are occurring too frequently (1 second apart)
HINT:  Consider increasing the configuration parameter "checkpoint_segments".
LOG:  checkpoints are occurring too frequently (2 seconds apart)
HINT:  Consider increasing the configuration parameter "checkpoint_segments".
LOG:  checkpoints are occurring too frequently (2 seconds apart)
HINT:  Consider increasing the configuration parameter "checkpoint_segments".
LOG:  checkpoints are occurring too frequently (2 seconds apart)
HINT:  Consider increasing the configuration parameter "checkpoint_segments".
LOG:  checkpoints are occurring too frequently (1 second apart)
HINT:  Consider increasing the configuration parameter "checkpoint_segments".
LOG:  checkpoints are occurring too frequently (2 seconds apart)
HINT:  Consider increasing the configuration parameter "checkpoint_segments".
LOG:  checkpoints are occurring too frequently (2 seconds apart)
HINT:  Consider increasing the configuration parameter "checkpoint_segments".
LOG:  checkpoints are occurring too frequently (2 seconds apart)
HINT:  Consider increasing the configuration parameter "checkpoint_segments".
LOG:  checkpoints are occurring too frequently (2 seconds apart)
HINT:  Consider increasing the configuration parameter "checkpoint_segments".
LOG:  checkpoints are occurring too frequently (2 seconds apart)
HINT:  Consider increasing the configuration parameter "checkpoint_segments".
LOG:  checkpoints are occurring too frequently (2 seconds apart)
HINT:  Consider increasing the configuration parameter "checkpoint_segments".
LOG:  checkpoints are occurring too frequently (2 seconds apart)
HINT:  Consider increasing the configuration parameter "checkpoint_segments".
LOG:  checkpoints are occurring too frequently (2 seconds apart)
HINT:  Consider increasing the configuration parameter "checkpoint_segments".
LOG:  checkpoints are occurring too frequently (2 seconds apart)
HINT:  Consider increasing the configuration parameter "checkpoint_segments".
LOG:  checkpoints are occurring too frequently (2 seconds apart)
HINT:  Consider increasing the configuration parameter "checkpoint_segments".
LOG:  checkpoints are occurring too frequently (2 seconds apart)
HINT:  Consider increasing the configuration parameter "checkpoint_segments".
LOG:  checkpoints are occurring too frequently (2 seconds apart)
HINT:  Consider increasing the configuration parameter "checkpoint_segments".
LOG:  checkpoints are occurring too frequently (3 seconds apart)
HINT:  Consider increasing the configuration parameter "checkpoint_segments".
LOG:  checkpoints are occurring too frequently (2 seconds apart)
HINT:  Consider increasing the configuration parameter "checkpoint_segments".
LOG:  received smart shutdown request
FATAL:  terminating autovacuum process due to administrator command
FATAL:  terminating autovacuum process due to administrator command
FATAL:  terminating autovacuum process due to administrator command
LOG:  autovacuum launcher shutting down
LOG:  shutting down
LOG:  database system is shut down
